[debug] [2018-08-23T02:47:24.668Z] ----------------------------------------------------------------------
[debug] [2018-08-23T02:47:24.670Z] Command:       /usr/local/Cellar/node/10.6.0/bin/node /usr/local/bin/firebase deploy
[debug] [2018-08-23T02:47:24.670Z] CLI Version:   4.2.0
[debug] [2018-08-23T02:47:24.670Z] Platform:      darwin
[debug] [2018-08-23T02:47:24.670Z] Node Version:  v10.6.0
[debug] [2018-08-23T02:47:24.671Z] Time:          Thu Aug 23 2018 09:47:24 GMT+0700 (Western Indonesia Time)
[debug] [2018-08-23T02:47:24.671Z] ----------------------------------------------------------------------
[debug] 
[debug] [2018-08-23T02:47:24.682Z] > command requires scopes: ["email","openid","https://www.googleapis.com/auth/cloudplatformprojects.readonly","https://www.googleapis.com/auth/firebase","https://www.googleapis.com/auth/cloud-platform"]
[debug] [2018-08-23T02:47:24.682Z] > authorizing via signed-in user
[debug] [2018-08-23T02:47:24.684Z] > refreshing access token with scopes: ["email","https://www.googleapis.com/auth/cloud-platform","https://www.googleapis.com/auth/cloudplatformprojects.readonly","https://www.googleapis.com/auth/firebase","openid"]
[debug] [2018-08-23T02:47:24.685Z] >>> HTTP REQUEST POST https://www.googleapis.com/oauth2/v3/token  

[debug] [2018-08-23T02:47:24.932Z] <<< HTTP RESPONSE 200
[debug] [2018-08-23T02:47:24.950Z] >>> HTTP REQUEST GET https://admin.firebase.com/v1/projects/mybpkb-573cc  
 
[debug] [2018-08-23T02:47:26.537Z] <<< HTTP RESPONSE 200
[info] 
[info] === Deploying to 'mybpkb-573cc'...
[info] 
[info] i  deploying hosting
[debug] [2018-08-23T02:47:26.542Z] >>> HTTP REQUEST POST https://firebasehosting.googleapis.com/v1beta1/sites/mybpkb-573cc/versions  

[debug] [2018-08-23T02:49:54.541Z] Error: read ECONNRESET
    at TLSWrap.onread (net.js:659:25)
[error] 
[error] Error: Server Error. read ECONNRESET
